<?xml version="1.0" encoding="UTF-8"?>
<testsuite name="com.petstore.api.FindPetsByStatusEndpointTest" tests="1" skipped="0" failures="0" errors="0" timestamp="2024-11-20T16:58:54" hostname="Fernanda-Prima" time="3.072">
  <properties/>
  <testcase name="testFindPetsByStatusWithAvailable" classname="com.petstore.api.FindPetsByStatusEndpointTest" time="3.072"/>
  <system-out><![CDATA[Pet ID: 9223372036854753556
Pet ID: 9223372036854753558
Pet ID: 9223372036854753559
Pet ID: 9223372036854753560
Pet ID: 8
Pet ID: 9223372036854753561
Pet ID: 9223372036854753562
Pet ID: 9223372036854753563
Pet ID: 9223372036854753564
Pet ID: 9223372036854753565
Pet ID: 9223372036854753566
Pet ID: 9223372036854753567
Pet ID: 9223372036854753568
Pet ID: 9223372036854753569
Pet ID: 9223372036854753577
Pet ID: 9223372036854753578
Pet ID: 9223372036854753579
Pet ID: 9223372036854753580
Pet ID: 9223372036854753581
Pet ID: 9223372036854753582
Pet ID: 9223372036854753583
Pet ID: 9223372036854753584
Pet ID: 9223372036854753585
Pet ID: 9223372036854753586
Pet ID: 9223372036854753588
Pet ID: 9223372036854753589
Pet ID: 9223372036854753590
Pet ID: 9223372036854753591
Pet ID: 9223372036854753592
Pet ID: 9223372036854753593
Pet ID: 9223372036854753594
Pet ID: 9223372036854753595
Pet ID: 9223372036854753596
Pet ID: 9223372036854753597
Pet ID: 9223372036854753598
Pet ID: 77777
Pet ID: 9223372036854303000
Pet ID: 9223372036854753599
Pet ID: 9223372036854753600
Pet ID: 9223372036854753601
Pet ID: 9223372036854753602
Pet ID: 9223372036854753603
Pet ID: 9223372036854753604
Pet ID: 9223372036854753605
Pet ID: 9223372036854753606
Pet ID: 9223372036854753607
Pet ID: 9223372036854753608
Pet ID: 9223372036854753609
Pet ID: 9223372036854753610
Pet ID: 9223372036854753611
Pet ID: 9223372036854753612
Pet ID: 9223372036854753613
Pet ID: 9223372036854753614
Pet ID: 9223372036854753615
Pet ID: 9223372036854753616
Pet ID: 9223372036854753617
Pet ID: 9223372036854753618
Pet ID: 9223372036854753619
Pet ID: 9223372036854753624
Pet ID: 9223372036854753626
Pet ID: 9223372036854753627
Pet ID: 9223372036854753628
Pet ID: 9223372036854753629
Pet ID: 9223372036854753630
Pet ID: 9223372036854753631
Pet ID: 9223372036854753633
Pet ID: 9223372036854753634
Pet ID: 9223372036854753635
Pet ID: 9223372036854753636
Pet ID: 9223372036854753638
Pet ID: 1001
Pet ID: 9223372036854753648
Pet ID: 9223372036854753649
Pet ID: 9223372036854753650
Pet ID: 9223372036854753651
Pet ID: 9223372036854753652
Pet ID: 9223372036854753653
Pet ID: 9223372036854753654
Pet ID: 9223372036854753655
Pet ID: 9223372036854753656
Pet ID: 9223372036854753657
Pet ID: 23
Pet ID: 9223372036854753661
Pet ID: 9223372036854753662
Pet ID: 9223372036854753663
Pet ID: 9223372036854753664
Pet ID: 9223372036854753665
Pet ID: 9223372036854753666
Pet ID: 9223372036854753667
Pet ID: 9223372036854753668
Pet ID: 9223372036854753669
Pet ID: 9223372036854753670
Pet ID: 25
Pet ID: 9223372036854753678
Pet ID: 9223372036854753679
Pet ID: 9223372036854753680
Pet ID: 9223372036854753681
Pet ID: 9223372036854753682
Pet ID: 9223372036854753683
Pet ID: 9223372036854753684
Pet ID: 9223372036854753685
Pet ID: 9223372036854753686
Pet ID: 9223372036854753687
Pet ID: 24
Pet ID: 28
Pet ID: 9223372036854753689
Pet ID: 15555
Pet ID: 3535
Pet ID: 9223372036854753690
Pet ID: 9223372036854753691
Pet ID: 9223372036854753692
Pet ID: 9223372036854753693
Pet ID: 9223372036854753694
Pet ID: 9223372036854753695
Pet ID: 9223372036854753696
Pet ID: 9223372036854753697
Pet ID: 9223372036854753698
Pet ID: 9223372036854753699
Pet ID: 9223372036854753701
Pet ID: 9223372036854753702
Pet ID: 9223372036854753703
Pet ID: 9223372036854753704
Pet ID: 9223372036854753705
Pet ID: 9223372036854753706
Pet ID: 9223372036854753707
Pet ID: 9223372036854753708
Pet ID: 9223372036854753709
Pet ID: 9223372036854753710
Pet ID: 9223372036854753712
Pet ID: 9223372036854753738
Pet ID: 9223372036854753739
Pet ID: 9223372036854753744
Pet ID: 9223372036854753746
Pet ID: 9223372036854753747
Pet ID: 9223372036854753748
Pet ID: 9223372036854753750
Pet ID: 9223372036854753751
Pet ID: 9223372036854753752
Pet ID: 9223372036854753753
Pet ID: 9223372036854753756
Pet ID: 9223372036854753757
Pet ID: 9223372036854753758
Pet ID: 9223372036854753759
Pet ID: 9223372036854753760
Pet ID: 9223372036854753761
Pet ID: 9223372036854753762
Pet ID: 9223372036854753763
Pet ID: 9223372036854753764
Pet ID: 9223372036854753765
Pet ID: 9223372036854753766
Pet ID: 9223372036854753769
Pet ID: 9223372036854753770
Pet ID: 9223372036854753771
Pet ID: 9223372036854753772
Pet ID: 9223372036854753773
Pet ID: 9223372036854753774
Pet ID: 9223372036854753775
Pet ID: 9223372036854753776
Pet ID: 9223372036854753777
Pet ID: 9223372036854753778
Pet ID: 9223372036854753779
Pet ID: 9223372036854753784
Pet ID: 9223372036854753785
Pet ID: 9223372036854753786
Pet ID: 9223372036854753787
Pet ID: 9223372036854753788
Pet ID: 9223372036854753789
Pet ID: 9223372036854753790
Pet ID: 9223372036854753791
Pet ID: 9223372036854753792
Pet ID: 9223372036854753793
Pet ID: 9223372036854753799
Pet ID: 9223372036854753800
Pet ID: 9223372036854753801
Pet ID: 9223372036854753802
Pet ID: 9223372036854753803
Pet ID: 9223372036854753804
Pet ID: 9223372036854753805
Pet ID: 9223372036854753806
Pet ID: 9223372036854753807
Pet ID: 9223372036854753808
Pet ID: 1512
Pet ID: 9223372036854753812
Pet ID: 9223372036854753813
Pet ID: 9223372036854753814
Pet ID: 9223372036854753815
Pet ID: 9223372036854753816
Pet ID: 9223372036854753817
Pet ID: 9223372036854753818
Pet ID: 9223372036854753819
Pet ID: 9223372036854753820
Pet ID: 9223372036854753821
Pet ID: 9223372036854753822
Pet ID: 355
Pet ID: 9223372036854753823
Pet ID: 9223372036854753824
Pet ID: 9223372036854753825
Pet ID: 9223372036854753826
Pet ID: 9223372036854753827
Pet ID: 9223372036854753828
Pet ID: 9223372036854753829
Pet ID: 9223372036854753830
Pet ID: 9223372036854753831
Pet ID: 9223372036854753832
Pet ID: 9223372036854753841
Pet ID: 9223372036854753842
Pet ID: 9223372036854753843
Pet ID: 9223372036854753844
Pet ID: 9223372036854753845
Pet ID: 9223372036854753846
Pet ID: 9223372036854753847
Pet ID: 9223372036854753848
Pet ID: 9223372036854753849
Pet ID: 9223372036854753850
Pet ID: 445566
Pet ID: 9223372036854753853
Pet ID: 9223372036854753854
Pet ID: 9223372036854753855
Pet ID: 9223372036854753856
Pet ID: 9223372036854753857
Pet ID: 9223372036854753858
Pet ID: 9223372036854753859
Pet ID: 9223372036854753860
Pet ID: 9223372036854753861
Pet ID: 9223372036854753862
Pet ID: 9223372036854753863
Pet ID: 9223372036854753864
Pet ID: 9223372036854753865
Pet ID: 9223372036854753866
Pet ID: 9223372036854753867
Pet ID: 9223372036854753868
Pet ID: 9223372036854753869
Pet ID: 9223372036854753870
Pet ID: 9223372036854753871
Pet ID: 9223372036854753873
Pet ID: 9223372036854753876
Pet ID: 9223372036854753877
Pet ID: 9223372036854753878
Pet ID: 9223372036854753879
Pet ID: 9223372036854753880
Pet ID: 9223372036854753881
Pet ID: 9223372036854753882
Pet ID: 9223372036854753883
Pet ID: 9223372036854753884
Pet ID: 9223372036854753885
Pet ID: 9223372036854753886
Pet ID: 810
Pet ID: 9223372036854753888
Pet ID: 9223372036854753889
Pet ID: 9223372036854753891
Pet ID: 9223372036854753892
Pet ID: 9223372036854753893
Pet ID: 9223372036854753894
Pet ID: 9223372036854753895
Pet ID: 9223372036854753896
Pet ID: 9223372036854753897
Pet ID: 9223372036854753898
Pet ID: 9223372036854753907
Pet ID: 9223372036854753909
Pet ID: 9223372036854753910
Pet ID: 9223372036854753911
Pet ID: 9223372036854753912
Pet ID: 9223372036854753913
Pet ID: 9223372036854753914
Pet ID: 9223372036854753915
Pet ID: 9223372036854753916
Pet ID: 9223372036854753917
Pet ID: 9223372036854753918
Pet ID: 9223372036854753919
Pet ID: 9223372036854753920
Pet ID: 9223372036854753921
Pet ID: 9223372036854753922
Pet ID: 9223372036854753923
Pet ID: 9223372036854753924
Pet ID: 9223372036854753925
Pet ID: 9223372036854753926
Pet ID: 9223372036854753927
Pet ID: 9223372036854753929
Pet ID: 27
Pet ID: 9223372036854753931
Pet ID: 9223372036854753932
Pet ID: 22
Pet ID: 9223372036854753933
Pet ID: 9223372036854753934
Pet ID: 9223372036854753935
Pet ID: 9223372036854753936
Pet ID: 9223372036854753937
Pet ID: 9223372036854753938
Pet ID: 9223372036854753939
Pet ID: 9223372036854753940
Pet ID: 9223372036854753942
Pet ID: 9223372036854753943
Pet ID: 9223372036854753944
Pet ID: 9223372036854753945
Pet ID: 9223372036854753946
Pet ID: 9223372036854753947
Pet ID: 20
Pet ID: 9223372036854753948
Pet ID: 9223372036854753949
Pet ID: 9223372036854753950
Pet ID: 9223372036854753951
Pet ID: 9223372036854753952
Pet ID: 9223372036854753953
Pet ID: 9223372036854753954
Pet ID: 9223372036854753956
Pet ID: 9223372036854753967
Pet ID: 9223372036854753968
Pet ID: 9223372036854753969
Pet ID: 9223372036854753970
Pet ID: 9223372036854753971
Pet ID: 9223372036854753973
Pet ID: 9223372036854753974
Pet ID: 9223372036854753975
Pet ID: 9223372036854753976
Pet ID: 9223372036854753978
Pet ID: 9223372036854753984
Pet ID: 9223372036854753985
Pet ID: 9223372036854753986
Pet ID: 9223372036854753987
Pet ID: 9223372036854753988
Pet ID: 9223372036854753989
Pet ID: 9223372036854753990
Pet ID: 9223372036854753991
Pet ID: 9223372036854753992
Pet ID: 9223372036854753993
Pet ID: 9223372036854753995
Pet ID: 9223372036854753996
Pet ID: 9223372036854753997
Pet ID: 9223372036854753998
Pet ID: 9223372036854753999
Pet ID: 9223372036854754000
Pet ID: 9223372036854754001
Pet ID: 9223372036854754002
Pet ID: 9223372036854754003
Pet ID: 9223372036854754004
Pet ID: 9223372036854754005
Pet ID: 9223372036854754006
Pet ID: 15122
Pet ID: 9223372036854754009
Pet ID: 9223372036854754010
Pet ID: 9223372036854754014
Pet ID: 9223372036854754015
Pet ID: 9223372036854754016
Pet ID: 9223372036854754017
Pet ID: 9223372036854754018
Pet ID: 9223372036854754019
Pet ID: 9223372036854754020
Pet ID: 9223372036854754021
Pet ID: 9223372036854754022
Pet ID: 9223372036854754023
Pet ID: 9223372036854754024
Pet ID: 9223372036854754025
Pet ID: 9223372036854754026
Pet ID: 9223372036854754027
Pet ID: 9223372036854754028
Pet ID: 9223372036854754029
Pet ID: 9223372036854754030
Pet ID: 9223372036854754031
Pet ID: 9223372036854754032
Pet ID: 9223372036854754033
Pet ID: 9223372036854754034
Pet ID: 9223372036854754035
Pet ID: 9223372036854754036
Pet ID: 9223372036854754037
Pet ID: 9223372036854754039
Pet ID: 9223372036854754041
Pet ID: 9223372036854754042
Pet ID: 9223372036854754043
Pet ID: 9223372036854754044
Pet ID: 9223372036854754045
Pet ID: 9223372036854754046
Pet ID: 9223372036854754047
Pet ID: 9223372036854754048
Pet ID: 9223372036854754050
Pet ID: 9223372036854754051
Pet ID: 9223372036854754052
Pet ID: 9223372036854754053
Pet ID: 9223372036854754054
Pet ID: 9223372036854754055
Pet ID: 9223372036854754056
Pet ID: 9223372036854754057
Pet ID: 9223372036854754058
Pet ID: 9223372036854754059
Pet ID: 9223372036854754070
Pet ID: 9223372036854754071
Pet ID: 9223372036854754072
Pet ID: 9223372036854754073
Pet ID: 9223372036854754074
Pet ID: 9223372036854754075
Pet ID: 9223372036854754076
Pet ID: 9223372036854754077
Pet ID: 9223372036854754078
Pet ID: 9223372036854754079
Pet ID: 1004
Pet ID: 9223372036854754082
Pet ID: 9223372036854754083
Pet ID: 9223372036854754084
Pet ID: 9223372036854754085
Pet ID: 9223372036854754086
Pet ID: 9223372036854754087
Pet ID: 9223372036854754088
Pet ID: 9223372036854754089
Pet ID: 9223372036854754091
Pet ID: 9223372036854754092
Pet ID: 9223372036854754095
Pet ID: 9223372036854754096
Pet ID: 9223372036854754097
Pet ID: 9223372036854754098
Pet ID: 9223372036854754099
Pet ID: 9223372036854754100
Pet ID: 9223372036854754101
Pet ID: 9223372036854754102
Pet ID: 9223372036854754103
Pet ID: 9223372036854754104
Pet ID: 187187187
Pet ID: 9223372036854754110
Pet ID: 9223372036854754111
Pet ID: 9223372036854754112
Pet ID: 9223372036854754113
Pet ID: 9223372036854754114
Pet ID: 9223372036854754115
Pet ID: 9223372036854754116
Pet ID: 9223372036854754117
Pet ID: 9223372036854754118
Pet ID: 9223372036854754119
Pet ID: 7003
Pet ID: 9223372036854754120
Pet ID: 9223372036854754121
Pet ID: 9223372036854754122
Pet ID: 9223372036854754123
Pet ID: 9223372036854754124
Pet ID: 9223372036854754125
Pet ID: 9223372036854754126
Pet ID: 9223372036854754127
Pet ID: 9223372036854754128
Pet ID: 9223372036854754129
Pet ID: 9223372036854754130
Pet ID: 9223372036854754132
Pet ID: 9223372036854754134
Pet ID: 9223372036854754135
Pet ID: 9223372036854754136
Pet ID: 9223372036854754137
Pet ID: 9223372036854754138
Pet ID: 9223372036854754139
Pet ID: 9223372036854754140
Pet ID: 9223372036854754141
Pet ID: 9223372036854754142
Pet ID: 9223372036854754143
Pet ID: 9223372036854754146
Pet ID: 889977
Pet ID: 9223372036854754147
Pet ID: 9223372036854754148
Pet ID: 222
Pet ID: 9223372036854754149
Pet ID: 9223372036854754150
Pet ID: 9223372036854754151
Pet ID: 9223372036854754152
Pet ID: 9223372036854754153
Pet ID: 9223372036854754154
Pet ID: 9223372036854754155
Pet ID: 9223372036854754156
Pet ID: 9223372036854754157
Pet ID: 9223372036854754158
Pet ID: 9223372036854754159
Pet ID: 9223372036854754160
Pet ID: 9223372036854754161
Pet ID: 9223372036854754162
Pet ID: 9223372036854754163
Pet ID: 9223372036854754164
Pet ID: 9223372036854754165
Pet ID: 9223372036854754166
Pet ID: 9223372036854754167
Pet ID: 9223372036854754168
Pet ID: 21
Pet ID: 9223372036854754171
Pet ID: 9223372036854754172
Pet ID: 9223372036854754174
Pet ID: 9223372036854754175
Pet ID: 30
Pet ID: 9223372036854754176
Pet ID: 9223372036854754177
Pet ID: 9223372036854754178
Pet ID: 9223372036854754179
Pet ID: 9223372036854754180
Pet ID: 9223372036854754181
Pet ID: 9223372036854754182
Pet ID: 26
Pet ID: 9223372036854754187
Pet ID: 9223372036854754188
Pet ID: 9223372036854754189
Pet ID: 9223372036854754190
Pet ID: 9223372036854754191
Pet ID: 9223372036854754192
Pet ID: 9223372036854754193
Pet ID: 9223372036854754194
Pet ID: 9223372036854754195
Pet ID: 9223372036854754196
Pet ID: 9223372036854754199
Pet ID: 12345
Pet ID: 9223372036854754202
Pet ID: 9223372036854754203
Pet ID: 9223372036854754204
Pet ID: 9223372036854754205
Pet ID: 9223372036854754206
Pet ID: 9223372036854754207
Pet ID: 9223372036854754208
Pet ID: 9223372036854754209
Pet ID: 9223372036854754210
Pet ID: 9223372036854754211
Pet ID: 9223372036854754216
Pet ID: 9223372036854754217
Pet ID: 9223372036854754218
Pet ID: 9223372036854754219
Pet ID: 9223372036854754220
Pet ID: 9223372036854754221
Pet ID: 9223372036854754222
Pet ID: 9223372036854754223
Pet ID: 9223372036854754224
Pet ID: 9223372036854754225
Pet ID: 39574
Pet ID: 9223372036854754231
Pet ID: 9223372036854754232
Pet ID: 9223372036854754233
Pet ID: 9223372036854754234
Pet ID: 9223372036854754235
Pet ID: 9223372036854754236
Pet ID: 9223372036854754237
Pet ID: 9223372036854754238
Pet ID: 9223372036854754239
Pet ID: 9223372036854754240
Pet ID: 9223372036854754241
Pet ID: 9223372036854754242
Pet ID: 9223372036854754243
Pet ID: 9223372036854754245
Pet ID: 9223372036854754246
Pet ID: 9223372036854754247
Pet ID: 9223372036854754248
Pet ID: 9223372036854754249
Pet ID: 9223372036854754250
Pet ID: 9223372036854754251
Pet ID: 9223372036854754252
Pet ID: 9223372036854754253
Pet ID: 9223372036854754254
Pet ID: 111
Pet ID: 9223372036854754256
Pet ID: 9223372036854754257
Pet ID: 9223372036854754258
Pet ID: 9223372036854754259
Pet ID: 9223372036854754260
Pet ID: 9223372036854754261
Pet ID: 9223372036854754262
Pet ID: 9223372036854754263
Pet ID: 9223372036854754264
Pet ID: 9223372036854754265
Pet ID: 9223372036854754266
Pet ID: 9223372036854754267
Pet ID: 9223372036854754273
Pet ID: 9223372036854754274
Pet ID: 9223372036854754275
Pet ID: 9223372036854754276
Pet ID: 9223372036854754277
Pet ID: 9223372036854754278
Pet ID: 9223372036854754279
Pet ID: 9223372036854754280
Pet ID: 9223372036854754281
Pet ID: 9223372036854754282
Pet ID: 9223372036854754285
Pet ID: 9223372036854754286
Pet ID: 9223372036854754287
Pet ID: 9223372036854754289
Pet ID: 9223372036854754290
Pet ID: 9223372036854754291
Pet ID: 9223372036854754292
Pet ID: 9223372036854754293
Pet ID: 9223372036854754294
Pet ID: 9223372036854754296
Pet ID: 9223372036854754297
Pet ID: 9223372036854754298
Pet ID: 9223372036854754299
Pet ID: 9223372036854754301
Pet ID: 9223372036854754306
Pet ID: 9223372036854754307
Pet ID: 9223372036854754308
Pet ID: 9223372036854754309
Pet ID: 9223372036854754310
Pet ID: 9223372036854754311
Pet ID: 9223372036854754312
Pet ID: 9223372036854754313
Pet ID: 9223372036854754314
Pet ID: 9223372036854754315
Pet ID: 9223372036854754316
Pet ID: 123
Pet ID: 728
Pet ID: 9223372036854754319
Pet ID: 9223372036854754320
Pet ID: 9223372036854754321
Pet ID: 9223372036854754322
Pet ID: 9223372036854754323
Pet ID: 9223372036854754324
Pet ID: 9223372036854754325
Pet ID: 9223372036854754326
Pet ID: 9223372036854754327
Pet ID: 9223372036854754328
Pet ID: 1234561
Pet ID: 9223372036854754329
Pet ID: 9223372036854754330
Pet ID: 9223372036854754331
Pet ID: 9223372036854754332
Pet ID: 9223372036854754333
Pet ID: 9223372036854754334
Pet ID: 9223372036854754335
Pet ID: 9223372036854754336
Pet ID: 9223372036854754337
Pet ID: 9223372036854754338
Pet ID: 9223372036854754339
Pet ID: 9223372036854754340
Pet ID: 9223372036854754341
Pet ID: 9223372036854754342
Pet ID: 9223372036854754343
Pet ID: 9223372036854754344
Pet ID: 9223372036854754345
Pet ID: 9223372036854754346
Pet ID: 9223372036854754347
Pet ID: 9223372036854754348
Pet ID: 9223372036854754349
Pet ID: 9223372036854754350
Pet ID: 9223372036854754351
Pet ID: 9223372036854754352
Pet ID: 9223372036854754353
Pet ID: 9223372036854754354
Pet ID: 9223372036854754356
Pet ID: 9223372036854754357
Pet ID: 9223372036854754358
Pet ID: 9223372036854754359
Pet ID: 9223372036854754360
Pet ID: 9223372036854754361
Pet ID: 9223372036854754362
Pet ID: 9223372036854754363
Pet ID: 9223372036854754364
Pet ID: 9223372036854754365
Pet ID: 9223372036854754375
Pet ID: 9223372036854754376
Pet ID: 9223372036854754377
Pet ID: 9223372036854754378
Pet ID: 9223372036854754379
Pet ID: 9223372036854754380
Pet ID: 9223372036854754381
Pet ID: 9223372036854754382
Pet ID: 9223372036854754383
Pet ID: 9223372036854754384
Pet ID: 9223372036854754385
Pet ID: 9223372036854754386
Pet ID: 9223372036854754387
Pet ID: 675
Pet ID: 9223372036854754388
Pet ID: 954893
Pet ID: 9223372036854754389
Pet ID: 9223372036854754390
Pet ID: 9223372036854754392
Pet ID: 9223372036854754393
Pet ID: 9223372036854754394
Pet ID: 9223372036854754395
Pet ID: 9223372036854754396
Pet ID: 9223372036854754397
Pet ID: 9223372036854754398
Pet ID: 9223372036854754399
Pet ID: 9223372036854754400
Pet ID: 922337203685477590
Pet ID: 9223372036854754401
Pet ID: 9223372036854754402
Pet ID: 9223372036854754403
Pet ID: 9223372036854754404
Pet ID: 9223372036854754405
Pet ID: 9223372036854754406
Pet ID: 9223372036854754407
Pet ID: 9223372036854754408
Pet ID: 9223372036854754409
Pet ID: 9223372036854754410
Pet ID: 9223372036854754411
Pet ID: 9223372036854754415
Pet ID: 29
Pet ID: 9223372036854754418
Pet ID: 9223372036854754419
Pet ID: 9223372036854754420
Pet ID: 9223372036854754421
Pet ID: 9223372036854754422
Pet ID: 9223372036854754424
Pet ID: 9223372036854754425
Pet ID: 9223372036854754426
Pet ID: 9223372036854754427
Pet ID: 9223372036854754428
Pet ID: 9223372036854754429
Pet ID: 9223372036854754430
Pet ID: 9223372036854754431
Pet ID: 114
Pet ID: 9223372036854754432
Pet ID: 9223372036854754433
Pet ID: 9223372036854754435
Pet ID: 9223372036854754438
Pet ID: 921
Pet ID: 9223372036854754439
Pet ID: 9223372036854754440
Pet ID: 9223372036854754441
Pet ID: 9223372036854754443
Pet ID: 9223372036854754444
Pet ID: 9223372036854754445
Pet ID: 9223372036854754446
Pet ID: 9223372036854754447
Pet ID: 9223372036854754448
Pet ID: 9223372036854754449
Pet ID: 9223372036854754450
Pet ID: 9223372036854754454
Pet ID: 1235
Pet ID: 9223372036854754455
Pet ID: 9223372036854754456
Pet ID: 9223372036854754457
Pet ID: 9223372036854754458
Pet ID: 9223372036854754459
Pet ID: 9223372036854754460
Pet ID: 9223372036854754461
Pet ID: 9223372036854754462
Pet ID: 9223372036854754463
Pet ID: 9223372036854754464
Pet ID: 9223372036854754470
Pet ID: 9223372036854754471
Pet ID: 9223372036854754472
Pet ID: 9223372036854754475
Pet ID: 9223372036854754476
Pet ID: 9223372036854754477
Pet ID: 9223372036854754478
Pet ID: 9223372036854754479
Pet ID: 9223372036854754480
Pet ID: 9223372036854754481
Pet ID: 9223372036854754482
Pet ID: 9223372036854754483
Pet ID: 9223372036854754487
Pet ID: 9223372036854754488
Pet ID: 9223372036854754489
Pet ID: 9223372036854754490
Pet ID: 9223372036854754491
Pet ID: 9223372036854754492
Pet ID: 9223372036854754493
Pet ID: 9223372036854754494
Pet ID: 9223372036854754495
Pet ID: 9223372036854754496
Pet ID: 9223372036854754499
Pet ID: 9223372036854754500
Pet ID: 9223372036854754501
Pet ID: 9223372036854754502
Pet ID: 9223372036854754503
Pet ID: 9223372036854754504
Pet ID: 9223372036854754505
Pet ID: 9223372036854754506
Pet ID: 9223372036854754507
Pet ID: 9223372036854754508
Pet ID: 904
]]></system-out>
  <system-err><![CDATA[]]></system-err>
</testsuite>
